*** Using Compiler 'V5.06 update 5 (build 528)', folder: 'C:\Keil_v5\ARM\ARMCC\Bin'
Build target 'ball'
compiling pid.c...
../Core/Inc/pid.h(24): warning:  #1-D: last line of file ends without a newline
  #endif /* PID_H */
..\Core\Src\pid.c: 1 warning, 0 errors
compiling main.c...
../Core/Inc/pid.h(24): warning:  #1-D: last line of file ends without a newline
  #endif /* PID_H */
../Core/Inc/engine.h(8): warning:  #1-D: last line of file ends without a newline
  #endif /* ENGINE_H */
../Core/Inc/filter.h(7): warning:  #1-D: last line of file ends without a newline
  #endif /* FILTER_H */
../Core/Src/main.c(137): warning:  #223-D: function "memset" declared implicitly
        memset(rxbuffer, 0, sizeof(rxbuffer));
../Core/Src/main.c: 4 warnings, 0 errors
linking...
Program Size: Code=19730 RO-data=762 RW-data=116 ZI-data=2308  
FromELF: creating hex file...
"ball\ball.axf" - 0 Error(s), 5 Warning(s).
Build Time Elapsed:  00:00:04
